Fri Apr 26 2013 21:57:30 GMT+0800 (HKT) 0 done, job recieved 3
Fri Apr 26 2013 21:57:32 GMT+0800 (HKT) 0 done, job recieved 3
Fri Apr 26 2013 21:57:33 GMT+0800 (HKT) 0 done, job recieved 13
Fri Apr 26 2013 21:57:34 GMT+0800 (HKT) 0 done, job recieved 3
Fri Apr 26 2013 21:57:34 GMT+0800 (HKT) 0 done, job recieved 3
Fri Apr 26 2013 21:57:40 GMT+0800 (HKT) 1 done, job recieved 13
Fri Apr 26 2013 21:57:42 GMT+0800 (HKT) 1 done, job recieved 10
Fri Apr 26 2013 21:57:43 GMT+0800 (HKT) 1 done, job recieved 10
Fri Apr 26 2013 21:57:44 GMT+0800 (HKT) 1 done, job recieved 5
Fri Apr 26 2013 21:57:44 GMT+0800 (HKT) 1 done, job recieved 63
Fri Apr 26 2013 21:57:50 GMT+0800 (HKT) 2 done, job recieved 10
Fri Apr 26 2013 21:57:52 GMT+0800 (HKT) 2 done, job recieved 10
Fri Apr 26 2013 21:57:53 GMT+0800 (HKT) 2 done, job recieved 10
Fri Apr 26 2013 21:57:54 GMT+0800 (HKT) 2 done, job recieved 10
Fri Apr 26 2013 21:57:54 GMT+0800 (HKT) 1 done, too busy
Fri Apr 26 2013 21:58:00 GMT+0800 (HKT) 3 done, job recieved 9
Fri Apr 26 2013 21:58:02 GMT+0800 (HKT) 3 done, job recieved 30
Fri Apr 26 2013 21:58:03 GMT+0800 (HKT) 3 done, job recieved 10
Fri Apr 26 2013 21:58:04 GMT+0800 (HKT) 3 done, job recieved 10
Fri Apr 26 2013 21:58:04 GMT+0800 (HKT) 1 done, too busy
Fri Apr 26 2013 21:58:10 GMT+0800 (HKT) 4 done, job recieved 10
Fri Apr 26 2013 21:58:12 GMT+0800 (HKT) 3 done, too busy
Fri Apr 26 2013 21:58:13 GMT+0800 (HKT) 4 done, job recieved 3
Fri Apr 26 2013 21:58:14 GMT+0800 (HKT) 4 done, job recieved 54
Fri Apr 26 2013 21:58:14 GMT+0800 (HKT) 1 done, too busy
Fri Apr 26 2013 21:58:20 GMT+0800 (HKT) 5 done, job recieved 6
Fri Apr 26 2013 21:58:22 GMT+0800 (HKT) 3 done, too busy
Fri Apr 26 2013 21:58:23 GMT+0800 (HKT) 5 done, job recieved 1
Fri Apr 26 2013 21:58:24 GMT+0800 (HKT) 4 done, too busy
Fri Apr 26 2013 21:58:24 GMT+0800 (HKT) 2 done, job recieved 3
Fri Apr 26 2013 21:58:30 GMT+0800 (HKT) 6 done, job recieved 10
Fri Apr 26 2013 21:58:32 GMT+0800 (HKT) 4 done, job recieved 10
Fri Apr 26 2013 21:58:33 GMT+0800 (HKT) 6 done, job recieved 2
Fri Apr 26 2013 21:58:34 GMT+0800 (HKT) 5 done, job recieved 8
Fri Apr 26 2013 21:58:35 GMT+0800 (HKT) 3 done, job recieved 10
Fri Apr 26 2013 21:58:40 GMT+0800 (HKT) 7 done, job recieved 2
Fri Apr 26 2013 21:58:42 GMT+0800 (HKT) 5 done, job recieved 5
Fri Apr 26 2013 21:58:43 GMT+0800 (HKT) 7 done, job recieved 3
Fri Apr 26 2013 21:58:44 GMT+0800 (HKT) 6 done, job recieved 5
Fri Apr 26 2013 21:58:45 GMT+0800 (HKT) 4 done, job recieved 9
Fri Apr 26 2013 21:58:50 GMT+0800 (HKT) 8 done, job recieved 5
Fri Apr 26 2013 21:58:52 GMT+0800 (HKT) 6 done, job recieved 10
Fri Apr 26 2013 21:58:53 GMT+0800 (HKT) 8 done, job recieved 1
Fri Apr 26 2013 21:58:54 GMT+0800 (HKT) 7 done, job recieved 2
Fri Apr 26 2013 21:58:55 GMT+0800 (HKT) 5 done, job recieved 10
Fri Apr 26 2013 21:59:00 GMT+0800 (HKT) 9 done, job recieved 2
Fri Apr 26 2013 21:59:02 GMT+0800 (HKT) 7 done, job recieved 4
Fri Apr 26 2013 21:59:03 GMT+0800 (HKT) 9 done, job recieved 2
Fri Apr 26 2013 21:59:04 GMT+0800 (HKT) 8 done, job recieved 5
Fri Apr 26 2013 21:59:05 GMT+0800 (HKT) 6 done, job recieved 2
Fri Apr 26 2013 21:59:10 GMT+0800 (HKT) 10 done, job recieved 10
Fri Apr 26 2013 21:59:12 GMT+0800 (HKT) 8 done, job recieved 10
Fri Apr 26 2013 21:59:13 GMT+0800 (HKT) 10 done, job recieved 2
Fri Apr 26 2013 21:59:14 GMT+0800 (HKT) 9 done, job recieved 3
Fri Apr 26 2013 21:59:15 GMT+0800 (HKT) 7 done, job recieved 4
Fri Apr 26 2013 21:59:20 GMT+0800 (HKT) 11 done, job recieved 7
Fri Apr 26 2013 21:59:22 GMT+0800 (HKT) 9 done, job recieved 2
Fri Apr 26 2013 21:59:23 GMT+0800 (HKT) 11 done, job recieved 7
Fri Apr 26 2013 21:59:24 GMT+0800 (HKT) 10 done, job recieved 3
Fri Apr 26 2013 21:59:25 GMT+0800 (HKT) 8 done, job recieved 5
Fri Apr 26 2013 21:59:30 GMT+0800 (HKT) 12 done, job recieved 5
Fri Apr 26 2013 21:59:32 GMT+0800 (HKT) 10 done, job recieved 3
Fri Apr 26 2013 21:59:33 GMT+0800 (HKT) 12 done, job recieved 10
Fri Apr 26 2013 21:59:34 GMT+0800 (HKT) 11 done, job recieved 2
Fri Apr 26 2013 21:59:35 GMT+0800 (HKT) 9 done, job recieved 5
Fri Apr 26 2013 21:59:40 GMT+0800 (HKT) 13 done, job recieved 7
Fri Apr 26 2013 21:59:42 GMT+0800 (HKT) 11 done, job recieved 5
Fri Apr 26 2013 21:59:43 GMT+0800 (HKT) 13 done, job recieved 7
Fri Apr 26 2013 21:59:44 GMT+0800 (HKT) 12 done, job recieved 2
Fri Apr 26 2013 21:59:45 GMT+0800 (HKT) 10 done, job recieved 5
Fri Apr 26 2013 21:59:50 GMT+0800 (HKT) 14 done, job recieved 10
Fri Apr 26 2013 21:59:52 GMT+0800 (HKT) 12 done, job recieved 4
Fri Apr 26 2013 21:59:53 GMT+0800 (HKT) 14 done, job recieved 3
Fri Apr 26 2013 21:59:54 GMT+0800 (HKT) 13 done, job recieved 2
Fri Apr 26 2013 21:59:55 GMT+0800 (HKT) 11 done, job recieved 2
Fri Apr 26 2013 22:00:00 GMT+0800 (HKT) 15 done, job recieved 10
Fri Apr 26 2013 22:00:02 GMT+0800 (HKT) 13 done, job recieved 1
Fri Apr 26 2013 22:00:03 GMT+0800 (HKT) 15 done, job recieved 2
Fri Apr 26 2013 22:00:04 GMT+0800 (HKT) 14 done, job recieved 2
Fri Apr 26 2013 22:00:05 GMT+0800 (HKT) 12 done, job recieved 3
Fri Apr 26 2013 22:00:10 GMT+0800 (HKT) 16 done, job recieved 6
Fri Apr 26 2013 22:00:12 GMT+0800 (HKT) 14 done, job recieved 1
Fri Apr 26 2013 22:00:13 GMT+0800 (HKT) 16 done, job recieved 3
Fri Apr 26 2013 22:00:14 GMT+0800 (HKT) 15 done, job recieved 3
Fri Apr 26 2013 22:00:15 GMT+0800 (HKT) 13 done, job recieved 10
Fri Apr 26 2013 22:00:20 GMT+0800 (HKT) 17 done, job recieved 9
Fri Apr 26 2013 22:00:22 GMT+0800 (HKT) 15 done, job recieved 10
Fri Apr 26 2013 22:00:23 GMT+0800 (HKT) 17 done, job recieved 3
Fri Apr 26 2013 22:00:24 GMT+0800 (HKT) 16 done, job recieved 5
Fri Apr 26 2013 22:00:25 GMT+0800 (HKT) 14 done, job recieved 3
Fri Apr 26 2013 22:00:30 GMT+0800 (HKT) 18 done, job recieved 3
Fri Apr 26 2013 22:00:32 GMT+0800 (HKT) 16 done, job recieved 6
Fri Apr 26 2013 22:00:33 GMT+0800 (HKT) 18 done, job recieved 10
Fri Apr 26 2013 22:00:34 GMT+0800 (HKT) 17 done, job recieved 1
Fri Apr 26 2013 22:00:35 GMT+0800 (HKT) 15 done, job recieved 3
Fri Apr 26 2013 22:00:40 GMT+0800 (HKT) 19 done, job recieved 2
Fri Apr 26 2013 22:00:42 GMT+0800 (HKT) 17 done, job recieved 4
Fri Apr 26 2013 22:00:43 GMT+0800 (HKT) 19 done, job recieved 8
Fri Apr 26 2013 22:00:44 GMT+0800 (HKT) 18 done, job recieved 9
Fri Apr 26 2013 22:00:45 GMT+0800 (HKT) 16 done, job recieved 6
Fri Apr 26 2013 22:00:50 GMT+0800 (HKT) 20 done, job recieved 10
Fri Apr 26 2013 22:00:52 GMT+0800 (HKT) 17 done, too busy
Fri Apr 26 2013 22:00:53 GMT+0800 (HKT) 20 done, job recieved 1
Fri Apr 26 2013 22:00:54 GMT+0800 (HKT) 19 done, job recieved 2
Fri Apr 26 2013 22:00:55 GMT+0800 (HKT) 17 done, job recieved 3
Fri Apr 26 2013 22:01:00 GMT+0800 (HKT) 21 done, job recieved 8
Fri Apr 26 2013 22:01:02 GMT+0800 (HKT) 17 done, too busy
Fri Apr 26 2013 22:01:03 GMT+0800 (HKT) 21 done, job recieved 8
Fri Apr 26 2013 22:01:04 GMT+0800 (HKT) 20 done, job recieved 2
Fri Apr 26 2013 22:01:05 GMT+0800 (HKT) 18 done, job recieved 2
Fri Apr 26 2013 22:01:10 GMT+0800 (HKT) 22 done, job recieved 7
Fri Apr 26 2013 22:01:12 GMT+0800 (HKT) 17 done, too busy
Fri Apr 26 2013 22:01:13 GMT+0800 (HKT) 22 done, job recieved 6
Fri Apr 26 2013 22:01:14 GMT+0800 (HKT) 21 done, job recieved 1
Fri Apr 26 2013 22:01:15 GMT+0800 (HKT) 19 done, job recieved 5
Fri Apr 26 2013 22:01:20 GMT+0800 (HKT) 23 done, job recieved 5
Fri Apr 26 2013 22:01:22 GMT+0800 (HKT) 17 done, too busy
Fri Apr 26 2013 22:01:23 GMT+0800 (HKT) 23 done, job recieved 5
Fri Apr 26 2013 22:01:24 GMT+0800 (HKT) 22 done, job recieved 3
Fri Apr 26 2013 22:01:25 GMT+0800 (HKT) 20 done, job recieved 3
Fri Apr 26 2013 22:01:30 GMT+0800 (HKT) 24 done, job recieved 5
Fri Apr 26 2013 22:01:32 GMT+0800 (HKT) 17 done, too busy
Fri Apr 26 2013 22:01:33 GMT+0800 (HKT) 24 done, job recieved 4
Fri Apr 26 2013 22:01:34 GMT+0800 (HKT) 23 done, job recieved 3
Fri Apr 26 2013 22:01:35 GMT+0800 (HKT) 21 done, job recieved 8
Fri Apr 26 2013 22:01:40 GMT+0800 (HKT) 25 done, job recieved 4
Fri Apr 26 2013 22:01:42 GMT+0800 (HKT) 17 done, too busy
Fri Apr 26 2013 22:01:43 GMT+0800 (HKT) 25 done, job recieved 9
Fri Apr 26 2013 22:01:44 GMT+0800 (HKT) 24 done, job recieved 7
Fri Apr 26 2013 22:01:45 GMT+0800 (HKT) 22 done, job recieved 2
Fri Apr 26 2013 22:01:50 GMT+0800 (HKT) 26 done, job recieved 7
Fri Apr 26 2013 22:01:52 GMT+0800 (HKT) 17 done, too busy
Fri Apr 26 2013 22:01:53 GMT+0800 (HKT) 26 done, job recieved 4
Fri Apr 26 2013 22:01:54 GMT+0800 (HKT) 25 done, job recieved 7
Fri Apr 26 2013 22:01:55 GMT+0800 (HKT) 23 done, job recieved 2
Fri Apr 26 2013 22:02:00 GMT+0800 (HKT) 27 done, job recieved 4
Fri Apr 26 2013 22:02:02 GMT+0800 (HKT) 17 done, too busy
Fri Apr 26 2013 22:02:03 GMT+0800 (HKT) 27 done, job recieved 5
Fri Apr 26 2013 22:02:04 GMT+0800 (HKT) 26 done, job recieved 2
Fri Apr 26 2013 22:02:05 GMT+0800 (HKT) 24 done, job recieved 5
Fri Apr 26 2013 22:02:10 GMT+0800 (HKT) 28 done, job recieved 2
Fri Apr 26 2013 22:02:12 GMT+0800 (HKT) 17 done, too busy
Fri Apr 26 2013 22:02:13 GMT+0800 (HKT) 28 done, job recieved 2
Fri Apr 26 2013 22:02:14 GMT+0800 (HKT) 27 done, job recieved 2
Fri Apr 26 2013 22:02:15 GMT+0800 (HKT) 25 done, job recieved 7
Fri Apr 26 2013 22:02:20 GMT+0800 (HKT) 29 done, job recieved 8
Fri Apr 26 2013 22:02:22 GMT+0800 (HKT) 17 done, too busy
Fri Apr 26 2013 22:02:23 GMT+0800 (HKT) 29 done, job recieved 7
Fri Apr 26 2013 22:02:24 GMT+0800 (HKT) 28 done, job recieved 8
Fri Apr 26 2013 22:02:25 GMT+0800 (HKT) 26 done, job recieved 10
Fri Apr 26 2013 22:02:30 GMT+0800 (HKT) 30 done, job recieved 3
Fri Apr 26 2013 22:02:32 GMT+0800 (HKT) 17 done, too busy
Fri Apr 26 2013 22:02:33 GMT+0800 (HKT) 30 done, job recieved 2
Fri Apr 26 2013 22:02:34 GMT+0800 (HKT) 29 done, job recieved 2
Fri Apr 26 2013 22:02:35 GMT+0800 (HKT) 27 done, job recieved 2
Fri Apr 26 2013 22:02:40 GMT+0800 (HKT) 31 done, job recieved 5
Fri Apr 26 2013 22:02:42 GMT+0800 (HKT) 17 done, too busy
Fri Apr 26 2013 22:02:43 GMT+0800 (HKT) 31 done, job recieved 2
Fri Apr 26 2013 22:02:44 GMT+0800 (HKT) 30 done, job recieved 2
Fri Apr 26 2013 22:02:45 GMT+0800 (HKT) 28 done, job recieved 4
Fri Apr 26 2013 22:02:50 GMT+0800 (HKT) 32 done, job recieved 3
Fri Apr 26 2013 22:02:52 GMT+0800 (HKT) 17 done, too busy
Fri Apr 26 2013 22:02:53 GMT+0800 (HKT) 32 done, job recieved 2
Fri Apr 26 2013 22:02:54 GMT+0800 (HKT) 31 done, job recieved 2
Fri Apr 26 2013 22:02:55 GMT+0800 (HKT) 29 done, job recieved 2
Fri Apr 26 2013 22:03:00 GMT+0800 (HKT) 33 done, job recieved 2
Fri Apr 26 2013 22:03:02 GMT+0800 (HKT) 17 done, too busy
Fri Apr 26 2013 22:03:03 GMT+0800 (HKT) 33 done, job recieved 6
Fri Apr 26 2013 22:03:04 GMT+0800 (HKT) 32 done, job recieved 4
Fri Apr 26 2013 22:03:05 GMT+0800 (HKT) 30 done, job recieved 2
Fri Apr 26 2013 22:03:10 GMT+0800 (HKT) 34 done, job recieved 3
Fri Apr 26 2013 22:03:12 GMT+0800 (HKT) 17 done, too busy
Fri Apr 26 2013 22:03:13 GMT+0800 (HKT) 34 done, job recieved 10
Fri Apr 26 2013 22:03:14 GMT+0800 (HKT) 33 done, job recieved 4
Fri Apr 26 2013 22:03:15 GMT+0800 (HKT) 31 done, job recieved 2
Fri Apr 26 2013 22:03:20 GMT+0800 (HKT) 35 done, job recieved 2
Fri Apr 26 2013 22:03:22 GMT+0800 (HKT) 17 done, too busy
Fri Apr 26 2013 22:03:23 GMT+0800 (HKT) 35 done, job recieved 10
Fri Apr 26 2013 22:03:24 GMT+0800 (HKT) 34 done, job recieved 10
Fri Apr 26 2013 22:03:25 GMT+0800 (HKT) 32 done, job recieved 10
Fri Apr 26 2013 22:03:30 GMT+0800 (HKT) 36 done, job recieved 10
Fri Apr 26 2013 22:03:32 GMT+0800 (HKT) 17 done, too busy
Fri Apr 26 2013 22:03:33 GMT+0800 (HKT) 36 done, job recieved 9
Fri Apr 26 2013 22:03:34 GMT+0800 (HKT) 34 done, too busy
Fri Apr 26 2013 22:03:35 GMT+0800 (HKT) 33 done, job recieved 60
Fri Apr 26 2013 22:03:40 GMT+0800 (HKT) 37 done, job recieved 10
Fri Apr 26 2013 22:03:42 GMT+0800 (HKT) 17 done, too busy
Fri Apr 26 2013 22:03:43 GMT+0800 (HKT) 37 done, job recieved 10
Fri Apr 26 2013 22:03:44 GMT+0800 (HKT) 34 done, too busy
Fri Apr 26 2013 22:03:45 GMT+0800 (HKT) 33 done, too busy
Fri Apr 26 2013 22:03:50 GMT+0800 (HKT) 38 done, job recieved 10
Fri Apr 26 2013 22:03:52 GMT+0800 (HKT) 17 done, too busy
Fri Apr 26 2013 22:03:53 GMT+0800 (HKT) 38 done, job recieved 10
Fri Apr 26 2013 22:03:54 GMT+0800 (HKT) 35 done, job recieved 6
Fri Apr 26 2013 22:03:55 GMT+0800 (HKT) 33 done, too busy
Fri Apr 26 2013 22:04:00 GMT+0800 (HKT) 39 done, job recieved 10
Fri Apr 26 2013 22:04:02 GMT+0800 (HKT) 17 done, too busy
Fri Apr 26 2013 22:04:03 GMT+0800 (HKT) 39 done, job recieved 3
Fri Apr 26 2013 22:04:04 GMT+0800 (HKT) 36 done, job recieved 10
Fri Apr 26 2013 22:04:05 GMT+0800 (HKT) 33 done, too busy
Fri Apr 26 2013 22:04:10 GMT+0800 (HKT) 40 done, job recieved 1
Fri Apr 26 2013 22:04:12 GMT+0800 (HKT) 17 done, too busy
Fri Apr 26 2013 22:04:13 GMT+0800 (HKT) 40 done, job recieved 10
Fri Apr 26 2013 22:04:14 GMT+0800 (HKT) 37 done, job recieved 1
Fri Apr 26 2013 22:04:15 GMT+0800 (HKT) 33 done, too busy
Fri Apr 26 2013 22:04:20 GMT+0800 (HKT) 41 done, job recieved 10
Fri Apr 26 2013 22:04:22 GMT+0800 (HKT) 17 done, too busy
Fri Apr 26 2013 22:04:23 GMT+0800 (HKT) 41 done, job recieved 10
Fri Apr 26 2013 22:04:24 GMT+0800 (HKT) 38 done, job recieved 1
Fri Apr 26 2013 22:04:25 GMT+0800 (HKT) 33 done, too busy
Fri Apr 26 2013 22:04:30 GMT+0800 (HKT) 42 done, job recieved 6
Fri Apr 26 2013 22:04:32 GMT+0800 (HKT) 17 done, too busy
Fri Apr 26 2013 22:04:33 GMT+0800 (HKT) 42 done, job recieved 5
Fri Apr 26 2013 22:04:34 GMT+0800 (HKT) 39 done, job recieved 3
Fri Apr 26 2013 22:04:35 GMT+0800 (HKT) 33 done, too busy
Fri Apr 26 2013 22:04:40 GMT+0800 (HKT) 43 done, job recieved 10
Fri Apr 26 2013 22:04:42 GMT+0800 (HKT) 17 done, too busy
Fri Apr 26 2013 22:04:43 GMT+0800 (HKT) 43 done, job recieved 10
Fri Apr 26 2013 22:04:44 GMT+0800 (HKT) 40 done, job recieved 1
Fri Apr 26 2013 22:04:45 GMT+0800 (HKT) 33 done, too busy
Fri Apr 26 2013 22:04:50 GMT+0800 (HKT) 44 done, job recieved 10
Fri Apr 26 2013 22:04:52 GMT+0800 (HKT) 17 done, too busy
Fri Apr 26 2013 22:04:53 GMT+0800 (HKT) 44 done, job recieved 3
Fri Apr 26 2013 22:04:54 GMT+0800 (HKT) 41 done, job recieved 9
Fri Apr 26 2013 22:04:55 GMT+0800 (HKT) 33 done, too busy
Fri Apr 26 2013 22:05:00 GMT+0800 (HKT) 45 done, job recieved 2
Fri Apr 26 2013 22:05:02 GMT+0800 (HKT) 17 done, too busy
Fri Apr 26 2013 22:05:03 GMT+0800 (HKT) 45 done, job recieved 2
Fri Apr 26 2013 22:05:04 GMT+0800 (HKT) 42 done, job recieved 10
Fri Apr 26 2013 22:05:05 GMT+0800 (HKT) 33 done, too busy
Fri Apr 26 2013 22:05:10 GMT+0800 (HKT) 46 done, job recieved 10
Fri Apr 26 2013 22:05:12 GMT+0800 (HKT) 17 done, too busy
Fri Apr 26 2013 22:05:13 GMT+0800 (HKT) 46 done, job recieved 10
Fri Apr 26 2013 22:05:14 GMT+0800 (HKT) 42 done, too busy
Fri Apr 26 2013 22:05:15 GMT+0800 (HKT) 33 done, too busy
Fri Apr 26 2013 22:05:20 GMT+0800 (HKT) 47 done, job recieved 10
Fri Apr 26 2013 22:05:22 GMT+0800 (HKT) 17 done, too busy
Fri Apr 26 2013 22:05:23 GMT+0800 (HKT) 47 done, job recieved 9
Fri Apr 26 2013 22:05:24 GMT+0800 (HKT) 42 done, too busy
Fri Apr 26 2013 22:05:25 GMT+0800 (HKT) 33 done, too busy
Fri Apr 26 2013 22:05:30 GMT+0800 (HKT) 48 done, job recieved 3
Fri Apr 26 2013 22:05:32 GMT+0800 (HKT) 17 done, too busy
Fri Apr 26 2013 22:05:33 GMT+0800 (HKT) 48 done, job recieved 10
Fri Apr 26 2013 22:05:34 GMT+0800 (HKT) 42 done, too busy
Fri Apr 26 2013 22:05:35 GMT+0800 (HKT) 33 done, too busy
Fri Apr 26 2013 22:05:40 GMT+0800 (HKT) 49 done, job recieved 10
Fri Apr 26 2013 22:05:42 GMT+0800 (HKT) 17 done, too busy
Fri Apr 26 2013 22:05:43 GMT+0800 (HKT) 49 done, job recieved 5
Fri Apr 26 2013 22:05:44 GMT+0800 (HKT) 42 done, too busy
Fri Apr 26 2013 22:05:45 GMT+0800 (HKT) 33 done, too busy
Fri Apr 26 2013 22:05:50 GMT+0800 (HKT) 49 done, too busy
Fri Apr 26 2013 22:05:52 GMT+0800 (HKT) 17 done, too busy
Fri Apr 26 2013 22:05:53 GMT+0800 (HKT) 50 done, job recieved 10
Fri Apr 26 2013 22:05:54 GMT+0800 (HKT) 42 done, too busy
Fri Apr 26 2013 22:05:55 GMT+0800 (HKT) 33 done, too busy
Fri Apr 26 2013 22:06:00 GMT+0800 (HKT) 50 done, job recieved 10
Fri Apr 26 2013 22:06:02 GMT+0800 (HKT) 17 done, too busy
Fri Apr 26 2013 22:06:03 GMT+0800 (HKT) 51 done, job recieved 10
Fri Apr 26 2013 22:06:04 GMT+0800 (HKT) 42 done, too busy
Fri Apr 26 2013 22:06:05 GMT+0800 (HKT) 33 done, too busy
Fri Apr 26 2013 22:06:10 GMT+0800 (HKT) 51 done, job recieved 10
Fri Apr 26 2013 22:06:12 GMT+0800 (HKT) 17 done, too busy
Fri Apr 26 2013 22:06:13 GMT+0800 (HKT) 52 done, job recieved 9
Fri Apr 26 2013 22:06:14 GMT+0800 (HKT) 42 done, too busy
Fri Apr 26 2013 22:06:15 GMT+0800 (HKT) 34 done, job recieved 10
Fri Apr 26 2013 22:06:20 GMT+0800 (HKT) 52 done, job recieved 10
Fri Apr 26 2013 22:06:22 GMT+0800 (HKT) 17 done, too busy
Fri Apr 26 2013 22:06:23 GMT+0800 (HKT) 53 done, job recieved 10
Fri Apr 26 2013 22:06:24 GMT+0800 (HKT) 42 done, too busy

Error: Callback was already called.
    at /home/pok/git/chrome_crawler/src/server/node_modules/async/lib/async.js:22:31
    at /home/pok/git/chrome_crawler/src/server/worker.js:80:5
    at /home/pok/git/chrome_crawler/src/server/fetcher.js:113:9
    at do_callback (/home/pok/git/chrome_crawler/src/server/fetcher.js:66:18)
    at /home/pok/git/chrome_crawler/src/server/fetcher.js:98:7
    at /home/pok/git/chrome_crawler/src/server/http_agent.js:18:9
    at FetchStream.<anonymous> (/home/pok/git/chrome_crawler/src/server/node_modules/fetch/lib/fetch.js:426:13)
    at FetchStream.EventEmitter.emit (events.js:92:17)
    at FetchStream.<anonymous> (/home/pok/git/chrome_crawler/src/server/node_modules/fetch/lib/fetch.js:333:22)
    at Gunzip.EventEmitter.emit (events.js:117:20)
Fri Apr 26 2013 22:06:25 GMT+0800 (HKT) 34 done, too busy
Fri Apr 26 2013 22:06:30 GMT+0800 (HKT) 53 done, job recieved 3
Fri Apr 26 2013 22:06:32 GMT+0800 (HKT) 17 done, too busy
Fri Apr 26 2013 22:06:33 GMT+0800 (HKT) 54 done, job recieved 10
Fri Apr 26 2013 22:06:35 GMT+0800 (HKT) 35 done, job recieved 10
Fri Apr 26 2013 22:06:40 GMT+0800 (HKT) 54 done, job recieved 8
Fri Apr 26 2013 22:06:42 GMT+0800 (HKT) 17 done, too busy
Fri Apr 26 2013 22:06:43 GMT+0800 (HKT) 55 done, job recieved 60
Fri Apr 26 2013 22:06:45 GMT+0800 (HKT) 35 done, too busy
Fri Apr 26 2013 22:06:51 GMT+0800 (HKT) 55 done, job recieved 2
Fri Apr 26 2013 22:06:52 GMT+0800 (HKT) 17 done, too busy
Fri Apr 26 2013 22:06:53 GMT+0800 (HKT) 55 done, too busy
Fri Apr 26 2013 22:06:55 GMT+0800 (HKT) 36 done, job recieved 60
Fri Apr 26 2013 22:07:01 GMT+0800 (HKT) 56 done, job recieved 10
Fri Apr 26 2013 22:07:02 GMT+0800 (HKT) 17 done, too busy
Fri Apr 26 2013 22:07:03 GMT+0800 (HKT) 55 done, too busy
Fri Apr 26 2013 22:07:05 GMT+0800 (HKT) 36 done, too busy
Fri Apr 26 2013 22:07:11 GMT+0800 (HKT) 56 done, too busy
Fri Apr 26 2013 22:07:12 GMT+0800 (HKT) 17 done, too busy
Fri Apr 26 2013 22:07:13 GMT+0800 (HKT) 55 done, too busy
Fri Apr 26 2013 22:07:15 GMT+0800 (HKT) 36 done, too busy
Fri Apr 26 2013 22:07:21 GMT+0800 (HKT) 57 done, job recieved 10
Fri Apr 26 2013 22:07:22 GMT+0800 (HKT) 17 done, too busy
Fri Apr 26 2013 22:07:23 GMT+0800 (HKT) 55 done, too busy
Fri Apr 26 2013 22:07:25 GMT+0800 (HKT) 36 done, too busy
Fri Apr 26 2013 22:07:31 GMT+0800 (HKT) 57 done, too busy
Fri Apr 26 2013 22:07:32 GMT+0800 (HKT) 17 done, too busy
Fri Apr 26 2013 22:07:33 GMT+0800 (HKT) 56 done, job recieved 10
Fri Apr 26 2013 22:07:35 GMT+0800 (HKT) 36 done, too busy
Fri Apr 26 2013 22:07:41 GMT+0800 (HKT) 58 done, job recieved 10
Fri Apr 26 2013 22:07:42 GMT+0800 (HKT) 17 done, too busy
Fri Apr 26 2013 22:07:43 GMT+0800 (HKT) 56 done, too busy
Fri Apr 26 2013 22:07:45 GMT+0800 (HKT) 36 done, too busy
Fri Apr 26 2013 22:07:51 GMT+0800 (HKT) 58 done, too busy
Fri Apr 26 2013 22:07:52 GMT+0800 (HKT) 17 done, too busy
Fri Apr 26 2013 22:07:53 GMT+0800 (HKT) 57 done, job recieved 9
Fri Apr 26 2013 22:07:55 GMT+0800 (HKT) 36 done, too busy
Fri Apr 26 2013 22:08:01 GMT+0800 (HKT) 59 done, job recieved 54
Fri Apr 26 2013 22:08:02 GMT+0800 (HKT) 17 done, too busy
Fri Apr 26 2013 22:08:03 GMT+0800 (HKT) 58 done, job recieved 10
Fri Apr 26 2013 22:08:05 GMT+0800 (HKT) 36 done, too busy
Fri Apr 26 2013 22:08:11 GMT+0800 (HKT) 59 done, too busy
Fri Apr 26 2013 22:08:12 GMT+0800 (HKT) 17 done, too busy
Fri Apr 26 2013 22:08:13 GMT+0800 (HKT) 59 done, job recieved 10
Fri Apr 26 2013 22:08:15 GMT+0800 (HKT) 36 done, too busy
Fri Apr 26 2013 22:08:21 GMT+0800 (HKT) 59 done, too busy
Fri Apr 26 2013 22:08:22 GMT+0800 (HKT) 17 done, too busy
Fri Apr 26 2013 22:08:23 GMT+0800 (HKT) 60 done, job recieved 7
Fri Apr 26 2013 22:08:25 GMT+0800 (HKT) 36 done, too busy
Fri Apr 26 2013 22:08:31 GMT+0800 (HKT) 59 done, too busy
Fri Apr 26 2013 22:08:32 GMT+0800 (HKT) 17 done, too busy
Fri Apr 26 2013 22:08:33 GMT+0800 (HKT) 61 done, job recieved 57
Fri Apr 26 2013 22:08:35 GMT+0800 (HKT) 36 done, too busy
Fri Apr 26 2013 22:08:41 GMT+0800 (HKT) 59 done, too busy
Fri Apr 26 2013 22:08:42 GMT+0800 (HKT) 17 done, too busy
Fri Apr 26 2013 22:08:43 GMT+0800 (HKT) 61 done, too busy
Fri Apr 26 2013 22:08:45 GMT+0800 (HKT) 36 done, too busy
Fri Apr 26 2013 22:08:51 GMT+0800 (HKT) 59 done, too busy
Fri Apr 26 2013 22:08:52 GMT+0800 (HKT) 17 done, too busy
Fri Apr 26 2013 22:08:53 GMT+0800 (HKT) 61 done, too busy
Fri Apr 26 2013 22:08:55 GMT+0800 (HKT) 36 done, too busy
Fri Apr 26 2013 22:09:01 GMT+0800 (HKT) 60 done, job recieved 10
Fri Apr 26 2013 22:09:02 GMT+0800 (HKT) 17 done, too busy
Fri Apr 26 2013 22:09:03 GMT+0800 (HKT) 61 done, too busy
Fri Apr 26 2013 22:09:05 GMT+0800 (HKT) 36 done, too busy
Fri Apr 26 2013 22:09:11 GMT+0800 (HKT) 60 done, too busy
Fri Apr 26 2013 22:09:12 GMT+0800 (HKT) 17 done, too busy
Fri Apr 26 2013 22:09:13 GMT+0800 (HKT) 61 done, too busy
Fri Apr 26 2013 22:09:15 GMT+0800 (HKT) 36 done, too busy
Fri Apr 26 2013 22:09:21 GMT+0800 (HKT) 61 done, job recieved 8
Fri Apr 26 2013 22:09:22 GMT+0800 (HKT) 17 done, too busy
Fri Apr 26 2013 22:09:23 GMT+0800 (HKT) 62 done, job recieved 54
Fri Apr 26 2013 22:09:25 GMT+0800 (HKT) 36 done, too busy
Fri Apr 26 2013 22:09:31 GMT+0800 (HKT) 62 done, job recieved 10
Fri Apr 26 2013 22:09:32 GMT+0800 (HKT) 17 done, too busy
Fri Apr 26 2013 22:09:33 GMT+0800 (HKT) 62 done, too busy
Fri Apr 26 2013 22:09:35 GMT+0800 (HKT) 36 done, too busy
Fri Apr 26 2013 22:09:41 GMT+0800 (HKT) 62 done, too busy
Fri Apr 26 2013 22:09:42 GMT+0800 (HKT) 17 done, too busy
Fri Apr 26 2013 22:09:43 GMT+0800 (HKT) 62 done, too busy
Fri Apr 26 2013 22:09:45 GMT+0800 (HKT) 36 done, too busy
Fri Apr 26 2013 22:09:51 GMT+0800 (HKT) 63 done, job recieved 10
Fri Apr 26 2013 22:09:52 GMT+0800 (HKT) 17 done, too busy
Fri Apr 26 2013 22:09:53 GMT+0800 (HKT) 62 done, too busy
Fri Apr 26 2013 22:09:55 GMT+0800 (HKT) 36 done, too busy
Fri Apr 26 2013 22:10:01 GMT+0800 (HKT) 63 done, too busy
Fri Apr 26 2013 22:10:02 GMT+0800 (HKT) 17 done, too busy
Fri Apr 26 2013 22:10:03 GMT+0800 (HKT) 62 done, too busy
Fri Apr 26 2013 22:10:05 GMT+0800 (HKT) 36 done, too busy
Fri Apr 26 2013 22:10:11 GMT+0800 (HKT) 64 done, job recieved 10
Fri Apr 26 2013 22:10:12 GMT+0800 (HKT) 17 done, too busy
Fri Apr 26 2013 22:10:13 GMT+0800 (HKT) 62 done, too busy
Fri Apr 26 2013 22:10:15 GMT+0800 (HKT) 36 done, too busy
Fri Apr 26 2013 22:10:21 GMT+0800 (HKT) 64 done, too busy
Fri Apr 26 2013 22:10:22 GMT+0800 (HKT) 17 done, too busy
Fri Apr 26 2013 22:10:23 GMT+0800 (HKT) 62 done, too busy
Fri Apr 26 2013 22:10:25 GMT+0800 (HKT) 36 done, too busy
Fri Apr 26 2013 22:10:31 GMT+0800 (HKT) 65 done, job recieved 10
Fri Apr 26 2013 22:10:32 GMT+0800 (HKT) 17 done, too busy
Fri Apr 26 2013 22:10:33 GMT+0800 (HKT) 62 done, too busy
Fri Apr 26 2013 22:10:35 GMT+0800 (HKT) 36 done, too busy
Fri Apr 26 2013 22:10:41 GMT+0800 (HKT) 65 done, too busy
Fri Apr 26 2013 22:10:42 GMT+0800 (HKT) 17 done, too busy
Fri Apr 26 2013 22:10:43 GMT+0800 (HKT) 62 done, too busy
Fri Apr 26 2013 22:10:45 GMT+0800 (HKT) 36 done, too busy
Fri Apr 26 2013 22:10:51 GMT+0800 (HKT) 66 done, job recieved 9
Fri Apr 26 2013 22:10:52 GMT+0800 (HKT) 17 done, too busy
Fri Apr 26 2013 22:10:53 GMT+0800 (HKT) 62 done, too busy
Fri Apr 26 2013 22:10:55 GMT+0800 (HKT) 36 done, too busy
Fri Apr 26 2013 22:11:01 GMT+0800 (HKT) 66 done, too busy
Fri Apr 26 2013 22:11:02 GMT+0800 (HKT) 17 done, too busy
Fri Apr 26 2013 22:11:03 GMT+0800 (HKT) 62 done, too busy
Fri Apr 26 2013 22:11:05 GMT+0800 (HKT) 36 done, too busy
Fri Apr 26 2013 22:11:11 GMT+0800 (HKT) 67 done, job recieved 57
Fri Apr 26 2013 22:11:12 GMT+0800 (HKT) 17 done, too busy
Fri Apr 26 2013 22:11:13 GMT+0800 (HKT) 62 done, too busy
Fri Apr 26 2013 22:11:15 GMT+0800 (HKT) 36 done, too busy
Fri Apr 26 2013 22:11:21 GMT+0800 (HKT) 67 done, too busy
Fri Apr 26 2013 22:11:22 GMT+0800 (HKT) 17 done, too busy
Fri Apr 26 2013 22:11:23 GMT+0800 (HKT) 62 done, too busy
Fri Apr 26 2013 22:11:25 GMT+0800 (HKT) 36 done, too busy
Fri Apr 26 2013 22:11:31 GMT+0800 (HKT) 67 done, too busy
Fri Apr 26 2013 22:11:32 GMT+0800 (HKT) 17 done, too busy
Fri Apr 26 2013 22:11:33 GMT+0800 (HKT) 62 done, too busy
Fri Apr 26 2013 22:11:35 GMT+0800 (HKT) 36 done, too busy
Fri Apr 26 2013 22:11:41 GMT+0800 (HKT) 67 done, too busy
Fri Apr 26 2013 22:11:42 GMT+0800 (HKT) 17 done, too busy
Fri Apr 26 2013 22:11:43 GMT+0800 (HKT) 62 done, too busy
Fri Apr 26 2013 22:11:45 GMT+0800 (HKT) 36 done, too busy
Fri Apr 26 2013 22:11:51 GMT+0800 (HKT) 67 done, too busy
Fri Apr 26 2013 22:11:52 GMT+0800 (HKT) 17 done, too busy
Fri Apr 26 2013 22:11:53 GMT+0800 (HKT) 62 done, too busy
Fri Apr 26 2013 22:11:55 GMT+0800 (HKT) 36 done, too busy
Fri Apr 26 2013 22:12:01 GMT+0800 (HKT) 67 done, too busy
Fri Apr 26 2013 22:12:02 GMT+0800 (HKT) 17 done, too busy
Fri Apr 26 2013 22:12:03 GMT+0800 (HKT) 62 done, too busy
Fri Apr 26 2013 22:12:05 GMT+0800 (HKT) 36 done, too busy
Fri Apr 26 2013 22:12:11 GMT+0800 (HKT) 67 done, too busy
Fri Apr 26 2013 22:12:12 GMT+0800 (HKT) 17 done, too busy
Fri Apr 26 2013 22:12:13 GMT+0800 (HKT) 62 done, too busy
Fri Apr 26 2013 22:12:15 GMT+0800 (HKT) 36 done, too busy
Fri Apr 26 2013 22:12:21 GMT+0800 (HKT) 67 done, too busy
Fri Apr 26 2013 22:12:22 GMT+0800 (HKT) 17 done, too busy
Fri Apr 26 2013 22:12:23 GMT+0800 (HKT) 62 done, too busy
Fri Apr 26 2013 22:12:25 GMT+0800 (HKT) 36 done, too busy
Fri Apr 26 2013 22:12:31 GMT+0800 (HKT) 68 done, job recieved 5
Fri Apr 26 2013 22:12:32 GMT+0800 (HKT) 17 done, too busy
Fri Apr 26 2013 22:12:33 GMT+0800 (HKT) 62 done, too busy
Fri Apr 26 2013 22:12:35 GMT+0800 (HKT) 36 done, too busy
Fri Apr 26 2013 22:12:41 GMT+0800 (HKT) 69 done, job recieved 60
Fri Apr 26 2013 22:12:42 GMT+0800 (HKT) 17 done, too busy
Fri Apr 26 2013 22:12:43 GMT+0800 (HKT) 62 done, too busy
Fri Apr 26 2013 22:12:45 GMT+0800 (HKT) 36 done, too busy
Fri Apr 26 2013 22:12:51 GMT+0800 (HKT) 69 done, too busy
Fri Apr 26 2013 22:12:52 GMT+0800 (HKT) 17 done, too busy
Fri Apr 26 2013 22:12:53 GMT+0800 (HKT) 62 done, too busy
Fri Apr 26 2013 22:12:55 GMT+0800 (HKT) 36 done, too busy
Fri Apr 26 2013 22:13:01 GMT+0800 (HKT) 69 done, too busy
Fri Apr 26 2013 22:13:02 GMT+0800 (HKT) 17 done, too busy
Fri Apr 26 2013 22:13:03 GMT+0800 (HKT) 62 done, too busy
Fri Apr 26 2013 22:13:05 GMT+0800 (HKT) 36 done, too busy
Fri Apr 26 2013 22:13:11 GMT+0800 (HKT) 69 done, too busy
Fri Apr 26 2013 22:13:12 GMT+0800 (HKT) 17 done, too busy
Fri Apr 26 2013 22:13:13 GMT+0800 (HKT) 62 done, too busy
Fri Apr 26 2013 22:13:15 GMT+0800 (HKT) 36 done, too busy
Fri Apr 26 2013 22:13:21 GMT+0800 (HKT) 69 done, too busy
Fri Apr 26 2013 22:13:22 GMT+0800 (HKT) 17 done, too busy
Fri Apr 26 2013 22:13:23 GMT+0800 (HKT) 62 done, too busy
Fri Apr 26 2013 22:13:25 GMT+0800 (HKT) 36 done, too busy
Fri Apr 26 2013 22:13:31 GMT+0800 (HKT) 69 done, too busy
Fri Apr 26 2013 22:13:32 GMT+0800 (HKT) 17 done, too busy
Fri Apr 26 2013 22:13:33 GMT+0800 (HKT) 62 done, too busy
Fri Apr 26 2013 22:13:35 GMT+0800 (HKT) 36 done, too busy
Fri Apr 26 2013 22:13:41 GMT+0800 (HKT) 69 done, too busy
Fri Apr 26 2013 22:13:42 GMT+0800 (HKT) 17 done, too busy
Fri Apr 26 2013 22:13:43 GMT+0800 (HKT) 62 done, too busy
Fri Apr 26 2013 22:13:45 GMT+0800 (HKT) 36 done, too busy
Fri Apr 26 2013 22:13:51 GMT+0800 (HKT) 70 done, job recieved 10
Fri Apr 26 2013 22:13:52 GMT+0800 (HKT) 17 done, too busy
Fri Apr 26 2013 22:13:53 GMT+0800 (HKT) 62 done, too busy
Fri Apr 26 2013 22:13:55 GMT+0800 (HKT) 36 done, too busy
Fri Apr 26 2013 22:14:01 GMT+0800 (HKT) 70 done, too busy
Fri Apr 26 2013 22:14:02 GMT+0800 (HKT) 17 done, too busy
Fri Apr 26 2013 22:14:03 GMT+0800 (HKT) 62 done, too busy
Fri Apr 26 2013 22:14:05 GMT+0800 (HKT) 36 done, too busy
Fri Apr 26 2013 22:14:11 GMT+0800 (HKT) 71 done, job recieved 10
Fri Apr 26 2013 22:14:12 GMT+0800 (HKT) 17 done, too busy
Fri Apr 26 2013 22:14:13 GMT+0800 (HKT) 62 done, too busy
Fri Apr 26 2013 22:14:15 GMT+0800 (HKT) 36 done, too busy
Fri Apr 26 2013 22:14:21 GMT+0800 (HKT) 71 done, too busy
Fri Apr 26 2013 22:14:22 GMT+0800 (HKT) 17 done, too busy
Fri Apr 26 2013 22:14:23 GMT+0800 (HKT) 62 done, too busy
Fri Apr 26 2013 22:14:25 GMT+0800 (HKT) 36 done, too busy
Fri Apr 26 2013 22:14:31 GMT+0800 (HKT) 72 done, job recieved 10
Fri Apr 26 2013 22:14:32 GMT+0800 (HKT) 17 done, too busy
Fri Apr 26 2013 22:14:33 GMT+0800 (HKT) 62 done, too busy
Fri Apr 26 2013 22:14:35 GMT+0800 (HKT) 36 done, too busy
Fri Apr 26 2013 22:14:41 GMT+0800 (HKT) 72 done, too busy
Fri Apr 26 2013 22:14:42 GMT+0800 (HKT) 17 done, too busy
Fri Apr 26 2013 22:14:43 GMT+0800 (HKT) 62 done, too busy
Fri Apr 26 2013 22:14:45 GMT+0800 (HKT) 36 done, too busy
Fri Apr 26 2013 22:14:51 GMT+0800 (HKT) 73 done, job recieved 10
Fri Apr 26 2013 22:14:52 GMT+0800 (HKT) 17 done, too busy
Fri Apr 26 2013 22:14:53 GMT+0800 (HKT) 62 done, too busy
Fri Apr 26 2013 22:14:55 GMT+0800 (HKT) 36 done, too busy
Fri Apr 26 2013 22:15:01 GMT+0800 (HKT) 73 done, too busy
Fri Apr 26 2013 22:15:02 GMT+0800 (HKT) 17 done, too busy
Fri Apr 26 2013 22:15:03 GMT+0800 (HKT) 62 done, too busy
Fri Apr 26 2013 22:15:05 GMT+0800 (HKT) 36 done, too busy
Fri Apr 26 2013 22:15:11 GMT+0800 (HKT) 74 done, job recieved 9
Fri Apr 26 2013 22:15:12 GMT+0800 (HKT) 17 done, too busy
Fri Apr 26 2013 22:15:13 GMT+0800 (HKT) 62 done, too busy
Fri Apr 26 2013 22:15:15 GMT+0800 (HKT) 36 done, too busy
Fri Apr 26 2013 22:15:21 GMT+0800 (HKT) 75 done, job recieved 60
Fri Apr 26 2013 22:15:22 GMT+0800 (HKT) 17 done, too busy
Fri Apr 26 2013 22:15:23 GMT+0800 (HKT) 62 done, too busy
Fri Apr 26 2013 22:15:25 GMT+0800 (HKT) 36 done, too busy
Fri Apr 26 2013 22:15:31 GMT+0800 (HKT) 75 done, too busy
Fri Apr 26 2013 22:15:32 GMT+0800 (HKT) 17 done, too busy
Fri Apr 26 2013 22:15:33 GMT+0800 (HKT) 62 done, too busy
Fri Apr 26 2013 22:15:35 GMT+0800 (HKT) 36 done, too busy
Fri Apr 26 2013 22:15:41 GMT+0800 (HKT) 75 done, too busy
Fri Apr 26 2013 22:15:42 GMT+0800 (HKT) 17 done, too busy
Fri Apr 26 2013 22:15:43 GMT+0800 (HKT) 62 done, too busy
Fri Apr 26 2013 22:15:45 GMT+0800 (HKT) 36 done, too busy
Fri Apr 26 2013 22:15:51 GMT+0800 (HKT) 75 done, too busy
Fri Apr 26 2013 22:15:52 GMT+0800 (HKT) 17 done, too busy
Fri Apr 26 2013 22:15:53 GMT+0800 (HKT) 62 done, too busy
Fri Apr 26 2013 22:15:55 GMT+0800 (HKT) 36 done, too busy
Fri Apr 26 2013 22:16:01 GMT+0800 (HKT) 75 done, too busy
Fri Apr 26 2013 22:16:02 GMT+0800 (HKT) 17 done, too busy
Fri Apr 26 2013 22:16:03 GMT+0800 (HKT) 62 done, too busy
Fri Apr 26 2013 22:16:05 GMT+0800 (HKT) 36 done, too busy
Fri Apr 26 2013 22:16:11 GMT+0800 (HKT) 75 done, too busy
Fri Apr 26 2013 22:16:12 GMT+0800 (HKT) 17 done, too busy
Fri Apr 26 2013 22:16:13 GMT+0800 (HKT) 62 done, too busy
Fri Apr 26 2013 22:16:15 GMT+0800 (HKT) 36 done, too busy
Fri Apr 26 2013 22:16:21 GMT+0800 (HKT) 76 done, job recieved 4
Fri Apr 26 2013 22:16:22 GMT+0800 (HKT) 17 done, too busy
Fri Apr 26 2013 22:16:23 GMT+0800 (HKT) 62 done, too busy
Fri Apr 26 2013 22:16:25 GMT+0800 (HKT) 36 done, too busy
Fri Apr 26 2013 22:16:31 GMT+0800 (HKT) 77 done, job recieved 60
Fri Apr 26 2013 22:16:32 GMT+0800 (HKT) 17 done, too busy
Fri Apr 26 2013 22:16:33 GMT+0800 (HKT) 62 done, too busy
Fri Apr 26 2013 22:16:35 GMT+0800 (HKT) 36 done, too busy
Fri Apr 26 2013 22:16:41 GMT+0800 (HKT) 77 done, too busy
Fri Apr 26 2013 22:16:42 GMT+0800 (HKT) 17 done, too busy
Fri Apr 26 2013 22:16:43 GMT+0800 (HKT) 62 done, too busy
Fri Apr 26 2013 22:16:45 GMT+0800 (HKT) 36 done, too busy
Fri Apr 26 2013 22:16:51 GMT+0800 (HKT) 77 done, too busy
Fri Apr 26 2013 22:16:52 GMT+0800 (HKT) 17 done, too busy
Fri Apr 26 2013 22:16:53 GMT+0800 (HKT) 62 done, too busy
Fri Apr 26 2013 22:16:55 GMT+0800 (HKT) 36 done, too busy
Fri Apr 26 2013 22:17:01 GMT+0800 (HKT) 77 done, too busy
Fri Apr 26 2013 22:17:02 GMT+0800 (HKT) 17 done, too busy
Fri Apr 26 2013 22:17:03 GMT+0800 (HKT) 62 done, too busy
Fri Apr 26 2013 22:17:05 GMT+0800 (HKT) 36 done, too busy
Fri Apr 26 2013 22:17:11 GMT+0800 (HKT) 77 done, too busy
Fri Apr 26 2013 22:17:12 GMT+0800 (HKT) 17 done, too busy
Fri Apr 26 2013 22:17:13 GMT+0800 (HKT) 62 done, too busy
Fri Apr 26 2013 22:17:15 GMT+0800 (HKT) 36 done, too busy
Fri Apr 26 2013 22:17:21 GMT+0800 (HKT) 77 done, too busy
Fri Apr 26 2013 22:17:22 GMT+0800 (HKT) 17 done, too busy
Fri Apr 26 2013 22:17:23 GMT+0800 (HKT) 62 done, too busy
Fri Apr 26 2013 22:17:25 GMT+0800 (HKT) 36 done, too busy
Fri Apr 26 2013 22:17:31 GMT+0800 (HKT) 77 done, too busy
Fri Apr 26 2013 22:17:32 GMT+0800 (HKT) 17 done, too busy
Fri Apr 26 2013 22:17:33 GMT+0800 (HKT) 62 done, too busy
Fri Apr 26 2013 22:17:35 GMT+0800 (HKT) 36 done, too busy
Fri Apr 26 2013 22:17:41 GMT+0800 (HKT) 77 done, too busy
Fri Apr 26 2013 22:17:43 GMT+0800 (HKT) 17 done, too busy
Fri Apr 26 2013 22:17:43 GMT+0800 (HKT) 62 done, too busy
Fri Apr 26 2013 22:17:45 GMT+0800 (HKT) 36 done, too busy
Fri Apr 26 2013 22:17:51 GMT+0800 (HKT) 77 done, too busy
Fri Apr 26 2013 22:17:53 GMT+0800 (HKT) 17 done, too busy
Fri Apr 26 2013 22:17:53 GMT+0800 (HKT) 62 done, too busy
Fri Apr 26 2013 22:17:55 GMT+0800 (HKT) 36 done, too busy
Fri Apr 26 2013 22:18:01 GMT+0800 (HKT) 78 done, job recieved 10
Fri Apr 26 2013 22:18:03 GMT+0800 (HKT) 17 done, too busy
Fri Apr 26 2013 22:18:03 GMT+0800 (HKT) 62 done, too busy
Fri Apr 26 2013 22:18:05 GMT+0800 (HKT) 36 done, too busy
Fri Apr 26 2013 22:18:11 GMT+0800 (HKT) 78 done, too busy
Fri Apr 26 2013 22:18:13 GMT+0800 (HKT) 17 done, too busy
Fri Apr 26 2013 22:18:13 GMT+0800 (HKT) 62 done, too busy
Fri Apr 26 2013 22:18:15 GMT+0800 (HKT) 36 done, too busy
Fri Apr 26 2013 22:18:21 GMT+0800 (HKT) 78 done, too busy
Fri Apr 26 2013 22:18:23 GMT+0800 (HKT) 17 done, too busy
Fri Apr 26 2013 22:18:24 GMT+0800 (HKT) 62 done, too busy
Fri Apr 26 2013 22:18:25 GMT+0800 (HKT) 36 done, too busy
Fri Apr 26 2013 22:18:31 GMT+0800 (HKT) 78 done, too busy
Fri Apr 26 2013 22:18:33 GMT+0800 (HKT) 17 done, too busy
Fri Apr 26 2013 22:18:34 GMT+0800 (HKT) 62 done, too busy
Fri Apr 26 2013 22:18:35 GMT+0800 (HKT) 36 done, too busy
Fri Apr 26 2013 22:18:41 GMT+0800 (HKT) 78 done, too busy
Fri Apr 26 2013 22:18:43 GMT+0800 (HKT) 17 done, too busy
Fri Apr 26 2013 22:18:44 GMT+0800 (HKT) 62 done, too busy
Fri Apr 26 2013 22:18:45 GMT+0800 (HKT) 36 done, too busy
Fri Apr 26 2013 22:18:51 GMT+0800 (HKT) 78 done, too busy
Fri Apr 26 2013 22:18:53 GMT+0800 (HKT) 17 done, too busy
Fri Apr 26 2013 22:18:54 GMT+0800 (HKT) 62 done, too busy
Fri Apr 26 2013 22:18:55 GMT+0800 (HKT) 36 done, too busy
Fri Apr 26 2013 22:19:01 GMT+0800 (HKT) 78 done, too busy
Fri Apr 26 2013 22:19:03 GMT+0800 (HKT) 17 done, too busy
Fri Apr 26 2013 22:19:04 GMT+0800 (HKT) 62 done, too busy
Fri Apr 26 2013 22:19:05 GMT+0800 (HKT) 36 done, too busy
Fri Apr 26 2013 22:19:11 GMT+0800 (HKT) 78 done, too busy
Fri Apr 26 2013 22:19:13 GMT+0800 (HKT) 17 done, too busy
Fri Apr 26 2013 22:19:14 GMT+0800 (HKT) 62 done, too busy
Fri Apr 26 2013 22:19:15 GMT+0800 (HKT) 36 done, too busy
Fri Apr 26 2013 22:19:21 GMT+0800 (HKT) 78 done, too busy
Fri Apr 26 2013 22:19:23 GMT+0800 (HKT) 17 done, too busy
Fri Apr 26 2013 22:19:24 GMT+0800 (HKT) 62 done, too busy
Fri Apr 26 2013 22:19:25 GMT+0800 (HKT) 36 done, too busy
Fri Apr 26 2013 22:19:31 GMT+0800 (HKT) 78 done, too busy
Fri Apr 26 2013 22:19:33 GMT+0800 (HKT) 17 done, too busy
Fri Apr 26 2013 22:19:34 GMT+0800 (HKT) 62 done, too busy
Fri Apr 26 2013 22:19:36 GMT+0800 (HKT) 36 done, too busy
Fri Apr 26 2013 22:19:41 GMT+0800 (HKT) 78 done, too busy
Fri Apr 26 2013 22:19:43 GMT+0800 (HKT) 17 done, too busy
Fri Apr 26 2013 22:19:44 GMT+0800 (HKT) 62 done, too busy
Fri Apr 26 2013 22:19:46 GMT+0800 (HKT) 36 done, too busy
Fri Apr 26 2013 22:19:51 GMT+0800 (HKT) 78 done, too busy
Fri Apr 26 2013 22:19:53 GMT+0800 (HKT) 17 done, too busy
Fri Apr 26 2013 22:19:54 GMT+0800 (HKT) 62 done, too busy
Fri Apr 26 2013 22:19:56 GMT+0800 (HKT) 36 done, too busy
Fri Apr 26 2013 22:20:01 GMT+0800 (HKT) 78 done, too busy
Fri Apr 26 2013 22:20:03 GMT+0800 (HKT) 17 done, too busy
Fri Apr 26 2013 22:20:04 GMT+0800 (HKT) 62 done, too busy
Fri Apr 26 2013 22:20:06 GMT+0800 (HKT) 36 done, too busy
Fri Apr 26 2013 22:20:11 GMT+0800 (HKT) 78 done, too busy
Fri Apr 26 2013 22:20:13 GMT+0800 (HKT) 17 done, too busy
Fri Apr 26 2013 22:20:14 GMT+0800 (HKT) 62 done, too busy
Fri Apr 26 2013 22:20:16 GMT+0800 (HKT) 36 done, too busy
Fri Apr 26 2013 22:20:21 GMT+0800 (HKT) 78 done, too busy
Fri Apr 26 2013 22:20:23 GMT+0800 (HKT) 17 done, too busy
Fri Apr 26 2013 22:20:24 GMT+0800 (HKT) 62 done, too busy
Fri Apr 26 2013 22:20:26 GMT+0800 (HKT) 36 done, too busy
Fri Apr 26 2013 22:20:31 GMT+0800 (HKT) 78 done, too busy
Fri Apr 26 2013 22:20:33 GMT+0800 (HKT) 17 done, too busy
Fri Apr 26 2013 22:20:34 GMT+0800 (HKT) 62 done, too busy
Fri Apr 26 2013 22:20:36 GMT+0800 (HKT) 36 done, too busy
Fri Apr 26 2013 22:20:41 GMT+0800 (HKT) 78 done, too busy
Fri Apr 26 2013 22:20:43 GMT+0800 (HKT) 17 done, too busy
Fri Apr 26 2013 22:20:44 GMT+0800 (HKT) 62 done, too busy
Fri Apr 26 2013 22:20:46 GMT+0800 (HKT) 36 done, too busy
Fri Apr 26 2013 22:20:51 GMT+0800 (HKT) 78 done, too busy
Fri Apr 26 2013 22:20:53 GMT+0800 (HKT) 17 done, too busy
Fri Apr 26 2013 22:20:54 GMT+0800 (HKT) 62 done, too busy
Fri Apr 26 2013 22:20:56 GMT+0800 (HKT) 36 done, too busy
Fri Apr 26 2013 22:21:01 GMT+0800 (HKT) 78 done, too busy
Fri Apr 26 2013 22:21:03 GMT+0800 (HKT) 17 done, too busy
Fri Apr 26 2013 22:21:04 GMT+0800 (HKT) 62 done, too busy
Fri Apr 26 2013 22:21:06 GMT+0800 (HKT) 36 done, too busy
Fri Apr 26 2013 22:21:11 GMT+0800 (HKT) 78 done, too busy
Fri Apr 26 2013 22:21:13 GMT+0800 (HKT) 17 done, too busy
Fri Apr 26 2013 22:21:14 GMT+0800 (HKT) 62 done, too busy
Fri Apr 26 2013 22:21:16 GMT+0800 (HKT) 36 done, too busy
Fri Apr 26 2013 22:21:21 GMT+0800 (HKT) 78 done, too busy
Fri Apr 26 2013 22:21:23 GMT+0800 (HKT) 17 done, too busy
Fri Apr 26 2013 22:21:24 GMT+0800 (HKT) 62 done, too busy
Fri Apr 26 2013 22:21:26 GMT+0800 (HKT) 36 done, too busy
Fri Apr 26 2013 22:21:31 GMT+0800 (HKT) 78 done, too busy
Fri Apr 26 2013 22:21:33 GMT+0800 (HKT) 17 done, too busy
Fri Apr 26 2013 22:21:34 GMT+0800 (HKT) 62 done, too busy
Fri Apr 26 2013 22:21:36 GMT+0800 (HKT) 36 done, too busy
Fri Apr 26 2013 22:21:41 GMT+0800 (HKT) 78 done, too busy
Fri Apr 26 2013 22:21:43 GMT+0800 (HKT) 17 done, too busy
Fri Apr 26 2013 22:21:44 GMT+0800 (HKT) 62 done, too busy
Fri Apr 26 2013 22:21:46 GMT+0800 (HKT) 36 done, too busy
Fri Apr 26 2013 22:21:51 GMT+0800 (HKT) 78 done, too busy
Fri Apr 26 2013 22:21:53 GMT+0800 (HKT) 17 done, too busy
Fri Apr 26 2013 22:21:54 GMT+0800 (HKT) 62 done, too busy
Fri Apr 26 2013 22:21:56 GMT+0800 (HKT) 36 done, too busy
Fri Apr 26 2013 22:22:01 GMT+0800 (HKT) 78 done, too busy
Fri Apr 26 2013 22:22:03 GMT+0800 (HKT) 17 done, too busy
Fri Apr 26 2013 22:22:04 GMT+0800 (HKT) 62 done, too busy
Fri Apr 26 2013 22:22:06 GMT+0800 (HKT) 36 done, too busy
Fri Apr 26 2013 22:22:11 GMT+0800 (HKT) 78 done, too busy
Fri Apr 26 2013 22:22:13 GMT+0800 (HKT) 17 done, too busy
Fri Apr 26 2013 22:22:14 GMT+0800 (HKT) 62 done, too busy
Fri Apr 26 2013 22:22:16 GMT+0800 (HKT) 36 done, too busy
Fri Apr 26 2013 22:22:21 GMT+0800 (HKT) 78 done, too busy
Fri Apr 26 2013 22:22:23 GMT+0800 (HKT) 17 done, too busy
Fri Apr 26 2013 22:22:24 GMT+0800 (HKT) 62 done, too busy
Fri Apr 26 2013 22:22:26 GMT+0800 (HKT) 36 done, too busy
Fri Apr 26 2013 22:22:31 GMT+0800 (HKT) 78 done, too busy
Fri Apr 26 2013 22:22:33 GMT+0800 (HKT) 17 done, too busy
Fri Apr 26 2013 22:22:34 GMT+0800 (HKT) 62 done, too busy
Fri Apr 26 2013 22:22:36 GMT+0800 (HKT) 36 done, too busy
Fri Apr 26 2013 22:22:41 GMT+0800 (HKT) 78 done, too busy
Fri Apr 26 2013 22:22:43 GMT+0800 (HKT) 17 done, too busy
Fri Apr 26 2013 22:22:44 GMT+0800 (HKT) 62 done, too busy
Fri Apr 26 2013 22:22:46 GMT+0800 (HKT) 36 done, too busy
Fri Apr 26 2013 22:22:51 GMT+0800 (HKT) 78 done, too busy
Fri Apr 26 2013 22:22:53 GMT+0800 (HKT) 17 done, too busy
Fri Apr 26 2013 22:22:54 GMT+0800 (HKT) 62 done, too busy
Fri Apr 26 2013 22:22:56 GMT+0800 (HKT) 36 done, too busy
Fri Apr 26 2013 22:23:01 GMT+0800 (HKT) 78 done, too busy
Fri Apr 26 2013 22:23:03 GMT+0800 (HKT) 17 done, too busy
Fri Apr 26 2013 22:23:04 GMT+0800 (HKT) 62 done, too busy
Fri Apr 26 2013 22:23:06 GMT+0800 (HKT) 36 done, too busy
Fri Apr 26 2013 22:23:11 GMT+0800 (HKT) 78 done, too busy
Fri Apr 26 2013 22:23:13 GMT+0800 (HKT) 17 done, too busy
Fri Apr 26 2013 22:23:14 GMT+0800 (HKT) 62 done, too busy
Fri Apr 26 2013 22:23:16 GMT+0800 (HKT) 36 done, too busy
Fri Apr 26 2013 22:23:21 GMT+0800 (HKT) 78 done, too busy
Fri Apr 26 2013 22:23:23 GMT+0800 (HKT) 17 done, too busy
Fri Apr 26 2013 22:23:24 GMT+0800 (HKT) 62 done, too busy
Fri Apr 26 2013 22:23:26 GMT+0800 (HKT) 36 done, too busy
Fri Apr 26 2013 22:23:31 GMT+0800 (HKT) 78 done, too busy
Fri Apr 26 2013 22:23:33 GMT+0800 (HKT) 17 done, too busy
Fri Apr 26 2013 22:23:34 GMT+0800 (HKT) 62 done, too busy
Fri Apr 26 2013 22:23:36 GMT+0800 (HKT) 36 done, too busy
Fri Apr 26 2013 22:23:41 GMT+0800 (HKT) 78 done, too busy
Fri Apr 26 2013 22:23:43 GMT+0800 (HKT) 17 done, too busy
Fri Apr 26 2013 22:23:44 GMT+0800 (HKT) 62 done, too busy
Fri Apr 26 2013 22:23:46 GMT+0800 (HKT) 36 done, too busy
Fri Apr 26 2013 22:23:51 GMT+0800 (HKT) 78 done, too busy
Fri Apr 26 2013 22:23:53 GMT+0800 (HKT) 17 done, too busy
Fri Apr 26 2013 22:23:54 GMT+0800 (HKT) 62 done, too busy
Fri Apr 26 2013 22:23:56 GMT+0800 (HKT) 36 done, too busy
Fri Apr 26 2013 22:24:01 GMT+0800 (HKT) 78 done, too busy
Fri Apr 26 2013 22:24:03 GMT+0800 (HKT) 17 done, too busy
Fri Apr 26 2013 22:24:04 GMT+0800 (HKT) 62 done, too busy
Fri Apr 26 2013 22:24:06 GMT+0800 (HKT) 36 done, too busy
Fri Apr 26 2013 22:24:11 GMT+0800 (HKT) 78 done, too busy
Fri Apr 26 2013 22:24:13 GMT+0800 (HKT) 17 done, too busy
Fri Apr 26 2013 22:24:14 GMT+0800 (HKT) 62 done, too busy
Fri Apr 26 2013 22:24:16 GMT+0800 (HKT) 36 done, too busy
Fri Apr 26 2013 22:24:21 GMT+0800 (HKT) 78 done, too busy
Fri Apr 26 2013 22:24:23 GMT+0800 (HKT) 17 done, too busy
Fri Apr 26 2013 22:24:24 GMT+0800 (HKT) 62 done, too busy
Fri Apr 26 2013 22:24:26 GMT+0800 (HKT) 36 done, too busy
Fri Apr 26 2013 22:24:31 GMT+0800 (HKT) 78 done, too busy
Fri Apr 26 2013 22:24:33 GMT+0800 (HKT) 17 done, too busy
Fri Apr 26 2013 22:24:34 GMT+0800 (HKT) 62 done, too busy
Fri Apr 26 2013 22:24:36 GMT+0800 (HKT) 36 done, too busy
Fri Apr 26 2013 22:24:41 GMT+0800 (HKT) 78 done, too busy
Fri Apr 26 2013 22:24:43 GMT+0800 (HKT) 17 done, too busy
Fri Apr 26 2013 22:24:44 GMT+0800 (HKT) 62 done, too busy
Fri Apr 26 2013 22:24:46 GMT+0800 (HKT) 36 done, too busy
Fri Apr 26 2013 22:24:51 GMT+0800 (HKT) 78 done, too busy
Fri Apr 26 2013 22:24:53 GMT+0800 (HKT) 17 done, too busy
Fri Apr 26 2013 22:24:54 GMT+0800 (HKT) 62 done, too busy
Fri Apr 26 2013 22:24:56 GMT+0800 (HKT) 36 done, too busy
Fri Apr 26 2013 22:25:01 GMT+0800 (HKT) 78 done, too busy
Fri Apr 26 2013 22:25:03 GMT+0800 (HKT) 17 done, too busy
Fri Apr 26 2013 22:25:04 GMT+0800 (HKT) 62 done, too busy
Fri Apr 26 2013 22:25:06 GMT+0800 (HKT) 36 done, too busy
Fri Apr 26 2013 22:25:11 GMT+0800 (HKT) 78 done, too busy
Fri Apr 26 2013 22:25:13 GMT+0800 (HKT) 17 done, too busy
Fri Apr 26 2013 22:25:14 GMT+0800 (HKT) 62 done, too busy
Fri Apr 26 2013 22:25:16 GMT+0800 (HKT) 36 done, too busy
Fri Apr 26 2013 22:25:21 GMT+0800 (HKT) 78 done, too busy
Fri Apr 26 2013 22:25:23 GMT+0800 (HKT) 17 done, too busy
Fri Apr 26 2013 22:25:24 GMT+0800 (HKT) 62 done, too busy
Fri Apr 26 2013 22:25:26 GMT+0800 (HKT) 36 done, too busy
Fri Apr 26 2013 22:25:31 GMT+0800 (HKT) 78 done, too busy
Fri Apr 26 2013 22:25:33 GMT+0800 (HKT) 17 done, too busy
Fri Apr 26 2013 22:25:34 GMT+0800 (HKT) 62 done, too busy
Fri Apr 26 2013 22:25:36 GMT+0800 (HKT) 36 done, too busy
Fri Apr 26 2013 22:25:41 GMT+0800 (HKT) 78 done, too busy
Fri Apr 26 2013 22:25:43 GMT+0800 (HKT) 17 done, too busy
Fri Apr 26 2013 22:25:44 GMT+0800 (HKT) 62 done, too busy
Fri Apr 26 2013 22:25:46 GMT+0800 (HKT) 36 done, too busy
Fri Apr 26 2013 22:25:51 GMT+0800 (HKT) 78 done, too busy
Fri Apr 26 2013 22:25:53 GMT+0800 (HKT) 17 done, too busy
Fri Apr 26 2013 22:25:54 GMT+0800 (HKT) 62 done, too busy
Fri Apr 26 2013 22:25:56 GMT+0800 (HKT) 36 done, too busy
Fri Apr 26 2013 22:26:01 GMT+0800 (HKT) 78 done, too busy
Fri Apr 26 2013 22:26:03 GMT+0800 (HKT) 17 done, too busy
Fri Apr 26 2013 22:26:04 GMT+0800 (HKT) 62 done, too busy
Fri Apr 26 2013 22:26:06 GMT+0800 (HKT) 36 done, too busy
Fri Apr 26 2013 22:26:11 GMT+0800 (HKT) 78 done, too busy
Fri Apr 26 2013 22:26:13 GMT+0800 (HKT) 17 done, too busy
Fri Apr 26 2013 22:26:14 GMT+0800 (HKT) 62 done, too busy
Fri Apr 26 2013 22:26:16 GMT+0800 (HKT) 36 done, too busy
Fri Apr 26 2013 22:26:21 GMT+0800 (HKT) 78 done, too busy
Fri Apr 26 2013 22:26:23 GMT+0800 (HKT) 17 done, too busy
Fri Apr 26 2013 22:26:24 GMT+0800 (HKT) 62 done, too busy
Fri Apr 26 2013 22:26:26 GMT+0800 (HKT) 36 done, too busy
Fri Apr 26 2013 22:26:31 GMT+0800 (HKT) 78 done, too busy
Fri Apr 26 2013 22:26:33 GMT+0800 (HKT) 17 done, too busy
Fri Apr 26 2013 22:26:34 GMT+0800 (HKT) 62 done, too busy
Fri Apr 26 2013 22:26:36 GMT+0800 (HKT) 36 done, too busy
Fri Apr 26 2013 22:26:41 GMT+0800 (HKT) 78 done, too busy
Fri Apr 26 2013 22:26:43 GMT+0800 (HKT) 17 done, too busy
Fri Apr 26 2013 22:26:44 GMT+0800 (HKT) 62 done, too busy
Fri Apr 26 2013 22:26:46 GMT+0800 (HKT) 36 done, too busy
Fri Apr 26 2013 22:26:51 GMT+0800 (HKT) 78 done, too busy
Fri Apr 26 2013 22:26:53 GMT+0800 (HKT) 17 done, too busy
Fri Apr 26 2013 22:26:54 GMT+0800 (HKT) 62 done, too busy
Fri Apr 26 2013 22:26:56 GMT+0800 (HKT) 36 done, too busy
Fri Apr 26 2013 22:27:01 GMT+0800 (HKT) 78 done, too busy
Fri Apr 26 2013 22:27:03 GMT+0800 (HKT) 17 done, too busy
Fri Apr 26 2013 22:27:04 GMT+0800 (HKT) 62 done, too busy
Fri Apr 26 2013 22:27:06 GMT+0800 (HKT) 36 done, too busy
Fri Apr 26 2013 22:27:11 GMT+0800 (HKT) 78 done, too busy
Fri Apr 26 2013 22:27:13 GMT+0800 (HKT) 17 done, too busy
Fri Apr 26 2013 22:27:14 GMT+0800 (HKT) 62 done, too busy
Fri Apr 26 2013 22:27:16 GMT+0800 (HKT) 36 done, too busy
Fri Apr 26 2013 22:27:21 GMT+0800 (HKT) 78 done, too busy
Fri Apr 26 2013 22:27:23 GMT+0800 (HKT) 17 done, too busy
Fri Apr 26 2013 22:27:24 GMT+0800 (HKT) 62 done, too busy
Fri Apr 26 2013 22:27:26 GMT+0800 (HKT) 36 done, too busy
Fri Apr 26 2013 22:27:31 GMT+0800 (HKT) 78 done, too busy
Fri Apr 26 2013 22:27:33 GMT+0800 (HKT) 17 done, too busy
Fri Apr 26 2013 22:27:34 GMT+0800 (HKT) 62 done, too busy
Fri Apr 26 2013 22:27:36 GMT+0800 (HKT) 36 done, too busy
Fri Apr 26 2013 22:27:41 GMT+0800 (HKT) 78 done, too busy
Fri Apr 26 2013 22:27:43 GMT+0800 (HKT) 17 done, too busy
Fri Apr 26 2013 22:27:44 GMT+0800 (HKT) 62 done, too busy
Fri Apr 26 2013 22:27:46 GMT+0800 (HKT) 36 done, too busy
Fri Apr 26 2013 22:27:51 GMT+0800 (HKT) 78 done, too busy
Fri Apr 26 2013 22:27:53 GMT+0800 (HKT) 17 done, too busy
Fri Apr 26 2013 22:27:54 GMT+0800 (HKT) 62 done, too busy
Fri Apr 26 2013 22:27:56 GMT+0800 (HKT) 36 done, too busy
Fri Apr 26 2013 22:28:01 GMT+0800 (HKT) 78 done, too busy
Fri Apr 26 2013 22:28:03 GMT+0800 (HKT) 17 done, too busy
Fri Apr 26 2013 22:28:04 GMT+0800 (HKT) 62 done, too busy
Fri Apr 26 2013 22:28:06 GMT+0800 (HKT) 36 done, too busy
Fri Apr 26 2013 22:28:11 GMT+0800 (HKT) 78 done, too busy
Fri Apr 26 2013 22:28:13 GMT+0800 (HKT) 17 done, too busy
Fri Apr 26 2013 22:28:14 GMT+0800 (HKT) 62 done, too busy
Fri Apr 26 2013 22:28:16 GMT+0800 (HKT) 36 done, too busy
Fri Apr 26 2013 22:28:21 GMT+0800 (HKT) 78 done, too busy
Fri Apr 26 2013 22:28:23 GMT+0800 (HKT) 17 done, too busy
Fri Apr 26 2013 22:28:24 GMT+0800 (HKT) 62 done, too busy
Fri Apr 26 2013 22:28:26 GMT+0800 (HKT) 36 done, too busy
Fri Apr 26 2013 22:28:31 GMT+0800 (HKT) 78 done, too busy
Fri Apr 26 2013 22:28:33 GMT+0800 (HKT) 17 done, too busy
Fri Apr 26 2013 22:28:34 GMT+0800 (HKT) 62 done, too busy
Fri Apr 26 2013 22:28:36 GMT+0800 (HKT) 36 done, too busy
Fri Apr 26 2013 22:28:41 GMT+0800 (HKT) 78 done, too busy
Fri Apr 26 2013 22:28:43 GMT+0800 (HKT) 17 done, too busy
Fri Apr 26 2013 22:28:44 GMT+0800 (HKT) 62 done, too busy
Fri Apr 26 2013 22:28:46 GMT+0800 (HKT) 36 done, too busy
Fri Apr 26 2013 22:28:51 GMT+0800 (HKT) 78 done, too busy
Fri Apr 26 2013 22:28:53 GMT+0800 (HKT) 17 done, too busy
Fri Apr 26 2013 22:28:54 GMT+0800 (HKT) 62 done, too busy
Fri Apr 26 2013 22:28:56 GMT+0800 (HKT) 36 done, too busy
Fri Apr 26 2013 22:29:01 GMT+0800 (HKT) 78 done, too busy
Fri Apr 26 2013 22:29:03 GMT+0800 (HKT) 17 done, too busy
Fri Apr 26 2013 22:29:04 GMT+0800 (HKT) 62 done, too busy
Fri Apr 26 2013 22:29:06 GMT+0800 (HKT) 36 done, too busy
Fri Apr 26 2013 22:29:11 GMT+0800 (HKT) 78 done, too busy
Fri Apr 26 2013 22:29:13 GMT+0800 (HKT) 17 done, too busy
Fri Apr 26 2013 22:29:14 GMT+0800 (HKT) 62 done, too busy
Fri Apr 26 2013 22:29:16 GMT+0800 (HKT) 36 done, too busy
Fri Apr 26 2013 22:29:21 GMT+0800 (HKT) 78 done, too busy
Fri Apr 26 2013 22:29:23 GMT+0800 (HKT) 17 done, too busy
Fri Apr 26 2013 22:29:26 GMT+0800 (HKT) 62 done, too busy
Fri Apr 26 2013 22:29:26 GMT+0800 (HKT) 36 done, too busy
Fri Apr 26 2013 22:29:31 GMT+0800 (HKT) 78 done, too busy
Fri Apr 26 2013 22:29:33 GMT+0800 (HKT) 17 done, too busy
Fri Apr 26 2013 22:29:36 GMT+0800 (HKT) 62 done, too busy
Fri Apr 26 2013 22:29:36 GMT+0800 (HKT) 36 done, too busy
Fri Apr 26 2013 22:29:41 GMT+0800 (HKT) 78 done, too busy
Fri Apr 26 2013 22:29:43 GMT+0800 (HKT) 17 done, too busy
Fri Apr 26 2013 22:29:46 GMT+0800 (HKT) 62 done, too busy
Fri Apr 26 2013 22:29:46 GMT+0800 (HKT) 36 done, too busy
Fri Apr 26 2013 22:29:51 GMT+0800 (HKT) 78 done, too busy
Fri Apr 26 2013 22:29:53 GMT+0800 (HKT) 17 done, too busy
Fri Apr 26 2013 22:29:56 GMT+0800 (HKT) 62 done, too busy
Fri Apr 26 2013 22:29:56 GMT+0800 (HKT) 36 done, too busy
Fri Apr 26 2013 22:30:01 GMT+0800 (HKT) 78 done, too busy
Fri Apr 26 2013 22:30:03 GMT+0800 (HKT) 17 done, too busy
Fri Apr 26 2013 22:30:06 GMT+0800 (HKT) 62 done, too busy
Fri Apr 26 2013 22:30:06 GMT+0800 (HKT) 36 done, too busy
Fri Apr 26 2013 22:30:11 GMT+0800 (HKT) 78 done, too busy
Fri Apr 26 2013 22:30:13 GMT+0800 (HKT) 17 done, too busy
Fri Apr 26 2013 22:30:16 GMT+0800 (HKT) 62 done, too busy
Fri Apr 26 2013 22:30:16 GMT+0800 (HKT) 36 done, too busy
Fri Apr 26 2013 22:30:21 GMT+0800 (HKT) 78 done, too busy
Fri Apr 26 2013 22:30:23 GMT+0800 (HKT) 17 done, too busy
Fri Apr 26 2013 22:30:26 GMT+0800 (HKT) 62 done, too busy
Fri Apr 26 2013 22:30:26 GMT+0800 (HKT) 36 done, too busy
Fri Apr 26 2013 22:30:31 GMT+0800 (HKT) 78 done, too busy
Fri Apr 26 2013 22:30:33 GMT+0800 (HKT) 17 done, too busy
Fri Apr 26 2013 22:30:36 GMT+0800 (HKT) 62 done, too busy
Fri Apr 26 2013 22:30:36 GMT+0800 (HKT) 36 done, too busy
Fri Apr 26 2013 22:30:41 GMT+0800 (HKT) 78 done, too busy
Fri Apr 26 2013 22:30:43 GMT+0800 (HKT) 17 done, too busy
Fri Apr 26 2013 22:30:46 GMT+0800 (HKT) 62 done, too busy
Fri Apr 26 2013 22:30:46 GMT+0800 (HKT) 36 done, too busy
Fri Apr 26 2013 22:30:51 GMT+0800 (HKT) 78 done, too busy
Fri Apr 26 2013 22:30:53 GMT+0800 (HKT) 17 done, too busy
Fri Apr 26 2013 22:30:56 GMT+0800 (HKT) 62 done, too busy
Fri Apr 26 2013 22:30:56 GMT+0800 (HKT) 36 done, too busy
Fri Apr 26 2013 22:31:01 GMT+0800 (HKT) 78 done, too busy
Fri Apr 26 2013 22:31:03 GMT+0800 (HKT) 17 done, too busy
Fri Apr 26 2013 22:31:06 GMT+0800 (HKT) 62 done, too busy
Fri Apr 26 2013 22:31:06 GMT+0800 (HKT) 36 done, too busy
Fri Apr 26 2013 22:31:11 GMT+0800 (HKT) 78 done, too busy
Fri Apr 26 2013 22:31:13 GMT+0800 (HKT) 17 done, too busy
Fri Apr 26 2013 22:31:16 GMT+0800 (HKT) 62 done, too busy
Fri Apr 26 2013 22:31:16 GMT+0800 (HKT) 36 done, too busy
Fri Apr 26 2013 22:31:21 GMT+0800 (HKT) 78 done, too busy
Fri Apr 26 2013 22:31:23 GMT+0800 (HKT) 17 done, too busy
Fri Apr 26 2013 22:31:26 GMT+0800 (HKT) 62 done, too busy
Fri Apr 26 2013 22:31:26 GMT+0800 (HKT) 36 done, too busy
Fri Apr 26 2013 22:31:32 GMT+0800 (HKT) 78 done, too busy
Fri Apr 26 2013 22:31:33 GMT+0800 (HKT) 17 done, too busy
Fri Apr 26 2013 22:31:36 GMT+0800 (HKT) 62 done, too busy
Fri Apr 26 2013 22:31:36 GMT+0800 (HKT) 36 done, too busy
Fri Apr 26 2013 22:31:42 GMT+0800 (HKT) 78 done, too busy
Fri Apr 26 2013 22:31:43 GMT+0800 (HKT) 17 done, too busy
Fri Apr 26 2013 22:31:46 GMT+0800 (HKT) 62 done, too busy
Fri Apr 26 2013 22:31:46 GMT+0800 (HKT) 36 done, too busy
Fri Apr 26 2013 22:31:52 GMT+0800 (HKT) 78 done, too busy
Fri Apr 26 2013 22:31:53 GMT+0800 (HKT) 17 done, too busy
Fri Apr 26 2013 22:31:56 GMT+0800 (HKT) 62 done, too busy
Fri Apr 26 2013 22:31:56 GMT+0800 (HKT) 36 done, too busy
Fri Apr 26 2013 22:32:02 GMT+0800 (HKT) 78 done, too busy
Fri Apr 26 2013 22:32:03 GMT+0800 (HKT) 17 done, too busy
Fri Apr 26 2013 22:32:06 GMT+0800 (HKT) 62 done, too busy
Fri Apr 26 2013 22:32:06 GMT+0800 (HKT) 36 done, too busy
Fri Apr 26 2013 22:32:12 GMT+0800 (HKT) 78 done, too busy
Fri Apr 26 2013 22:32:13 GMT+0800 (HKT) 17 done, too busy
Fri Apr 26 2013 22:32:16 GMT+0800 (HKT) 62 done, too busy
Fri Apr 26 2013 22:32:16 GMT+0800 (HKT) 36 done, too busy
Fri Apr 26 2013 22:32:22 GMT+0800 (HKT) 78 done, too busy
Fri Apr 26 2013 22:32:23 GMT+0800 (HKT) 17 done, too busy
Fri Apr 26 2013 22:32:26 GMT+0800 (HKT) 62 done, too busy
Fri Apr 26 2013 22:32:26 GMT+0800 (HKT) 36 done, too busy
Fri Apr 26 2013 22:32:32 GMT+0800 (HKT) 78 done, too busy
Fri Apr 26 2013 22:32:33 GMT+0800 (HKT) 17 done, too busy
Fri Apr 26 2013 22:32:36 GMT+0800 (HKT) 62 done, too busy
Fri Apr 26 2013 22:32:36 GMT+0800 (HKT) 36 done, too busy
Fri Apr 26 2013 22:32:42 GMT+0800 (HKT) 78 done, too busy
Fri Apr 26 2013 22:32:43 GMT+0800 (HKT) 17 done, too busy
Fri Apr 26 2013 22:32:46 GMT+0800 (HKT) 62 done, too busy
Fri Apr 26 2013 22:32:46 GMT+0800 (HKT) 36 done, too busy
Fri Apr 26 2013 22:32:52 GMT+0800 (HKT) 78 done, too busy
Fri Apr 26 2013 22:32:53 GMT+0800 (HKT) 17 done, too busy
Fri Apr 26 2013 22:32:56 GMT+0800 (HKT) 62 done, too busy
Fri Apr 26 2013 22:32:56 GMT+0800 (HKT) 36 done, too busy
Fri Apr 26 2013 22:33:02 GMT+0800 (HKT) 78 done, too busy
Fri Apr 26 2013 22:33:03 GMT+0800 (HKT) 17 done, too busy
Fri Apr 26 2013 22:33:06 GMT+0800 (HKT) 62 done, too busy
Fri Apr 26 2013 22:33:06 GMT+0800 (HKT) 36 done, too busy
Fri Apr 26 2013 22:33:12 GMT+0800 (HKT) 78 done, too busy
Fri Apr 26 2013 22:33:13 GMT+0800 (HKT) 17 done, too busy
Fri Apr 26 2013 22:33:16 GMT+0800 (HKT) 62 done, too busy
Fri Apr 26 2013 22:33:16 GMT+0800 (HKT) 36 done, too busy
Fri Apr 26 2013 22:33:22 GMT+0800 (HKT) 78 done, too busy
Fri Apr 26 2013 22:33:23 GMT+0800 (HKT) 17 done, too busy
Fri Apr 26 2013 22:33:26 GMT+0800 (HKT) 62 done, too busy
Fri Apr 26 2013 22:33:26 GMT+0800 (HKT) 36 done, too busy
Fri Apr 26 2013 22:33:32 GMT+0800 (HKT) 78 done, too busy
Fri Apr 26 2013 22:33:33 GMT+0800 (HKT) 17 done, too busy
Fri Apr 26 2013 22:33:36 GMT+0800 (HKT) 62 done, too busy
Fri Apr 26 2013 22:33:36 GMT+0800 (HKT) 36 done, too busy
Fri Apr 26 2013 22:33:42 GMT+0800 (HKT) 78 done, too busy
Fri Apr 26 2013 22:33:43 GMT+0800 (HKT) 17 done, too busy
Fri Apr 26 2013 22:33:46 GMT+0800 (HKT) 62 done, too busy
Fri Apr 26 2013 22:33:46 GMT+0800 (HKT) 36 done, too busy
Fri Apr 26 2013 22:33:52 GMT+0800 (HKT) 78 done, too busy
Fri Apr 26 2013 22:33:53 GMT+0800 (HKT) 17 done, too busy
Fri Apr 26 2013 22:33:56 GMT+0800 (HKT) 62 done, too busy
Fri Apr 26 2013 22:33:56 GMT+0800 (HKT) 36 done, too busy
Fri Apr 26 2013 22:34:02 GMT+0800 (HKT) 78 done, too busy
Fri Apr 26 2013 22:34:03 GMT+0800 (HKT) 17 done, too busy
Fri Apr 26 2013 22:34:06 GMT+0800 (HKT) 62 done, too busy
